<?xml version="1.0" encoding="UTF-8"?>
<!-- Generated by org.testng.reporters.JUnitXMLReporter -->
<testsuite hostname="DESKTOP-ECUBRGD" failures="0" tests="3" name="Test" time="0.065" errors="0" timestamp="29 Aug 2020 07:50:02 GMT">
  <testcase classname="group_tesing.GroupTesting_Demo2" name="testcase1" time="0.02"/>
  <testcase classname="group_tesing.GroupTesting_Demo2" name="testcase2" time="0.0"/>
  <testcase classname="group_tesing.GroupTesting_Demo2" name="testcase3" time="0.0"/>
</testsuite> <!-- Test -->
