<?xml version="1.0" encoding="UTF-8"?>
<!-- Generated by org.testng.reporters.JUnitXMLReporter -->
<testsuite hostname="DESKTOP-ECUBRGD" failures="1" tests="3" name="Test" time="0.132" errors="0" timestamp="7 Sep 2020 09:38:39 GMT">
  <testcase classname="IRetryAnalyzer_Demo.Demo" name="testHRMS" time="0.05"/>
  <testcase classname="IRetryAnalyzer_Demo.Demo1" name="testHRMS1" time="0.02"/>
  <testcase classname="IRetryAnalyzer_Demo.Demo2" name="testHRMS2" time="0.009">
    <failure type="java.lang.AssertionError" message="expected [true] but found [false]">
      <![CDATA[java.lang.AssertionError: expected [true] but found [false]
	at IRetryAnalyzer_Demo.Demo2.testHRMS2(Demo2.java:10)
... Removed 28 stack frames]]>
    </failure>
  </testcase> <!-- testHRMS2 -->
</testsuite> <!-- Test -->
