<?xml version="1.0" encoding="UTF-8"?>
<!-- Generated by org.testng.reporters.JUnitXMLReporter -->
<testsuite hostname="DESKTOP-ECUBRGD" failures="1" tests="1" name="Test(failed)" time="0.001" errors="0" timestamp="13 Aug 2020 10:44:20 GMT">
  <testcase classname="runFailedTestCases.runFailedTestcase2" name="testcase4" time="0.001">
    <failure type="java.lang.AssertionError" message="expected [true] but found [false]">
      <![CDATA[java.lang.AssertionError: expected [true] but found [false]
	at runFailedTestCases.runFailedTestcase2.testcase4(runFailedTestcase2.java:17)
	at runFailedTestCases.FailTestRunner.runFailTestCases(FailTestRunner.java:19)
... Removed 47 stack frames]]>
    </failure>
  </testcase> <!-- testcase4 -->
</testsuite> <!-- Test(failed) -->
