<?xml version="1.0" encoding="UTF-8"?>
<testng-results total="1" passed="1" failed="0" skipped="0">
  <reporter-output>
  </reporter-output>
  <suite started-at="2020-09-07T12:01:07Z" name="Default suite" finished-at="2020-09-07T12:01:23Z" duration-ms="16404">
    <groups>
    </groups>
    <test started-at="2020-09-07T12:01:07Z" name="Default test" finished-at="2020-09-07T12:01:23Z" duration-ms="16404">
      <class name="IRetryAnalyzer_Demo.MyFirstTestCase">
        <test-method signature="GoogleTitleVerify()[pri:0, instance:IRetryAnalyzer_Demo.MyFirstTestCase@5542c4ed]" started-at="2020-09-07T17:31:07Z" name="GoogleTitleVerify" finished-at="2020-09-07T17:31:23Z" duration-ms="16360" status="PASS">
          <reporter-output>
          </reporter-output>
        </test-method> <!-- GoogleTitleVerify -->
      </class> <!-- IRetryAnalyzer_Demo.MyFirstTestCase -->
    </test> <!-- Default test -->
  </suite> <!-- Default suite -->
</testng-results>
