<?xml version="1.0" encoding="UTF-8"?>
<testng-results total="2" passed="2" failed="0" skipped="0">
  <reporter-output>
  </reporter-output>
  <suite started-at="2020-10-06T14:20:09Z" name="Default suite" finished-at="2020-10-06T14:20:27Z" duration-ms="17883">
    <groups>
    </groups>
    <test started-at="2020-10-06T14:20:09Z" name="Default test" finished-at="2020-10-06T14:20:27Z" duration-ms="17883">
      <class name="DataProvider.DataProviderExample">
        <test-method signature="disableEleTest(java.lang.String)[pri:0, instance:DataProvider.DataProviderExample@44c03695]" started-at="2020-10-06T19:50:09Z" name="disableEleTest" data-provider="Entry" finished-at="2020-10-06T19:50:20Z" duration-ms="11403" status="PASS">
          <params>
            <param index="0">
              <value>
                <![CDATA[kbtutorial]]>
              </value>
            </param>
          </params>
          <reporter-output>
          </reporter-output>
        </test-method> <!-- disableEleTest -->
        <test-method signature="disableEleTest(java.lang.String)[pri:0, instance:DataProvider.DataProviderExample@44c03695]" started-at="2020-10-06T19:50:20Z" name="disableEleTest" data-provider="Entry" finished-at="2020-10-06T19:50:27Z" duration-ms="6420" status="PASS">
          <params>
            <param index="0">
              <value>
                <![CDATA[youtube channel]]>
              </value>
            </param>
          </params>
          <reporter-output>
          </reporter-output>
        </test-method> <!-- disableEleTest -->
      </class> <!-- DataProvider.DataProviderExample -->
    </test> <!-- Default test -->
  </suite> <!-- Default suite -->
</testng-results>
